libsuperuser/build/outputs/logs/manifest-merger-debug-report.txt
-- Merging decision tree log ---
manifest
ADDED from SuperCleaner/libsuperuser/AndroidManifest.xml:1:1-7:12
INJECTED from SuperCleaner/libsuperuser/AndroidManifest.xml:1:1-7:12
INJECTED from SuperCleaner/libsuperuser/AndroidManifest.xml:1:1-7:12
INJECTED from SuperCleaner/libsuperuser/AndroidManifest.xml:1:1-7:12
INJECTED from SuperCleaner/libsuperuser/AndroidManifest.xml:1:1-7:12
INJECTED from SuperCleaner/libsuperuser/AndroidManifest.xml:1:1-7:12
INJECTED from SuperCleaner/libsuperuser/AndroidManifest.xml:1:1-7:12
	package
		ADDED from SuperCleaner/libsuperuser/AndroidManifest.xml:2:5-40
		INJECTED from SuperCleaner/libsuperuser/AndroidManifest.xml
		INJECTED from SuperCleaner/libsuperuser/AndroidManifest.xml
	android:versionName
		ADDED from SuperCleaner/libsuperuser/AndroidManifest.xml:4:5-30
		INJECTED from SuperCleaner/libsuperuser/AndroidManifest.xml
		INJECTED from SuperCleaner/libsuperuser/AndroidManifest.xml
	xmlns:android
		ADDED from SuperCleaner/libsuperuser/AndroidManifest.xml:1:11-69
	android:versionCode
		ADDED from SuperCleaner/libsuperuser/AndroidManifest.xml:3:5-28
		INJECTED from SuperCleaner/libsuperuser/AndroidManifest.xml
		INJECTED from SuperCleaner/libsuperuser/AndroidManifest.xml
uses-sdk
ADDED from SuperCleaner/libsuperuser/AndroidManifest.xml:6:5-74
INJECTED from SuperCleaner/libsuperuser/AndroidManifest.xml:6:5-74
INJECTED from SuperCleaner/libsuperuser/AndroidManifest.xml:6:5-74
INJECTED from SuperCleaner/libsuperuser/AndroidManifest.xml:6:5-74
INJECTED from SuperCleaner/libsuperuser/AndroidManifest.xml:6:5-74
	android:targetSdkVersion
		ADDED from SuperCleaner/libsuperuser/AndroidManifest.xml:6:42-71
		INJECTED from SuperCleaner/libsuperuser/AndroidManifest.xml
		INJECTED from SuperCleaner/libsuperuser/AndroidManifest.xml
	android:minSdkVersion
		ADDED from SuperCleaner/libsuperuser/AndroidManifest.xml:6:15-41
		INJECTED from SuperCleaner/libsuperuser/AndroidManifest.xml
		INJECTED from SuperCleaner/libsuperuser/AndroidManifest.xml